<?xml version="1.0" encoding="UTF-8"?>
<!-- Generated by org.testng.reporters.JUnitReportReporter -->
<testsuite skipped="0" hostname="Admin" name="demos.Assessment1" tests="1" failures="0" timestamp="19 Sep 2019 12:56:08 GMT" time="3.775" errors="0">
  <testcase name="snapshot" time="3.775" classname="demos.Assessment1"/>
</testsuite> <!-- demos.Assessment1 -->
